<?xml version="1.0" encoding="UTF-8"?>
<!-- Generated by org.testng.reporters.JUnitReportReporter -->
<testsuite skipped="0" hostname="MAA-5CG9368WC5" name="SeleniumTestCases.IgnoreDemo" tests="1" failures="0" timestamp="2021-06-26T19:31:52 IST" time="0.006" errors="0">
  <testcase name="test1" time="0.006" classname="SeleniumTestCases.IgnoreDemo"/>
  <system-out/>
</testsuite> <!-- SeleniumTestCases.IgnoreDemo -->
