<?xml version="1.0" encoding="UTF-8"?>
<!-- Generated by org.testng.reporters.JUnitReportReporter -->
<testsuite hostname="MAA-5CG9368WC5" failures="0" tests="1" name="MavenTesting.MavenTesting.secondMaven" time="0.016" errors="0" timestamp="28 May 2021 17:02:53 GMT">
  <testcase classname="MavenTesting.MavenTesting.secondMaven" name="sub" time="0.016"/>
</testsuite> <!-- MavenTesting.MavenTesting.secondMaven -->
