<?xml version="1.0" encoding="UTF-8"?>
<!-- Generated by org.testng.reporters.JUnitReportReporter -->
<testsuite skipped="0" hostname="MAA-5CG9368WC5" name="SeleniumTestCases.PriorityDemo" tests="2" failures="0" timestamp="2021-06-23T23:21:57 IST" time="0.008" errors="0">
  <testcase name="test2" time="0.007" classname="SeleniumTestCases.PriorityDemo"/>
  <system-out/>
  <testcase name="test1" time="0.001" classname="SeleniumTestCases.PriorityDemo"/>
  <system-out/>
</testsuite> <!-- SeleniumTestCases.PriorityDemo -->
