<?xml version="1.0" encoding="UTF-8"?>
<!-- Generated by org.testng.reporters.JUnitReportReporter -->
<testsuite skipped="0" hostname="MAA-5CG9368WC5" name="SeleniumTestCases.multiplebrowser" tests="2" failures="0" timestamp="2021-06-25T21:06:31 IST" time="17.373" errors="0">
  <testcase name="test1" time="10.174" classname="SeleniumTestCases.multiplebrowser"/>
  <system-out/>
  <testcase name="test1" time="7.199" classname="SeleniumTestCases.multiplebrowser"/>
  <system-out/>
</testsuite> <!-- SeleniumTestCases.multiplebrowser -->
