<?xml version="1.0" encoding="UTF-8"?>
<!-- Generated by org.testng.reporters.JUnitReportReporter -->
<testsuite skipped="0" hostname="MAA-5CG9368WC5" name="SeleniumTestCases.ParametersDemo" tests="1" failures="0" timestamp="2021-06-25T23:19:27 IST" time="0.006" errors="0">
  <testcase name="test" time="0.006" classname="SeleniumTestCases.ParametersDemo"/>
  <system-out/>
</testsuite> <!-- SeleniumTestCases.ParametersDemo -->
