<?xml version="1.0" encoding="UTF-8"?>
<!-- Generated by org.testng.reporters.JUnitReportReporter -->
<testsuite skipped="0" hostname="MAA-5CG9368WC5" name="SeleniumTestCases.TestNGListenerDemoTest" tests="3" failures="0" timestamp="2021-06-21T22:15:48 IST" time="0.011" errors="0">
  <testcase name="test3" time="0.001" classname="SeleniumTestCases.TestNGListenerDemoTest"/>
  <system-out/>
  <testcase name="test1" time="0.008" classname="SeleniumTestCases.TestNGListenerDemoTest"/>
  <system-out/>
  <testcase name="test2" time="0.002" classname="SeleniumTestCases.TestNGListenerDemoTest"/>
  <system-out/>
</testsuite> <!-- SeleniumTestCases.TestNGListenerDemoTest -->
