<?xml version="1.0" encoding="UTF-8"?>
<!-- Generated by org.testng.reporters.JUnitReportReporter -->
<testsuite skipped="0" hostname="MAA-5CG9368WC5" name="SeleniumTestCases.GroupingDemo" tests="3" failures="0" timestamp="2021-06-25T21:44:41 IST" time="0.009" errors="0">
  <testcase name="test1" time="0.007" classname="SeleniumTestCases.GroupingDemo"/>
  <system-out/>
  <testcase name="test2" time="0.001" classname="SeleniumTestCases.GroupingDemo"/>
  <system-out/>
  <testcase name="test4" time="0.001" classname="SeleniumTestCases.GroupingDemo"/>
  <system-out/>
</testsuite> <!-- SeleniumTestCases.GroupingDemo -->
