<?xml version="1.0" encoding="UTF-8"?>
<!-- Generated by org.testng.reporters.JUnitReportReporter -->
<testsuite hostname="MAA-5CG9368WC5" failures="0" tests="1" name="MavenTesting.MavenTesting.Firstmaven" time="0.008" errors="0" timestamp="18 May 2021 10:36:37 GMT">
  <testcase classname="MavenTesting.MavenTesting.Firstmaven" name="sum" time="0.008"/>
</testsuite> <!-- MavenTesting.MavenTesting.Firstmaven -->
