<?xml version="1.0" encoding="UTF-8"?>
<!-- Generated by org.testng.reporters.JUnitReportReporter -->
<testsuite skipped="0" hostname="MAA-5CG9368WC5" name="SeleniumTestCases.Dependencies" tests="3" failures="0" timestamp="2021-06-26T18:53:00 IST" time="0.008" errors="0">
  <testcase name="test1" time="0.001" classname="SeleniumTestCases.Dependencies"/>
  <system-out/>
  <testcase name="test2" time="0.001" classname="SeleniumTestCases.Dependencies"/>
  <system-out/>
  <testcase name="test3" time="0.006" classname="SeleniumTestCases.Dependencies"/>
  <system-out/>
</testsuite> <!-- SeleniumTestCases.Dependencies -->
